<?xml version="1.0" encoding="UTF-8"?>
<!-- Generated by org.testng.reporters.JUnitXMLReporter -->
<testsuite ignored="0" hostname="DESKTOP-B94R4DD" failures="1" tests="3" name="Test" time="26.463" errors="0" timestamp="2025-08-13T16:47:53 IST">
  <testcase classname="testScripts.AmazonSearch_TestCase" name="tc001" time="26.278"/>
  <testcase classname="testScripts.AmazonSearch_TestCase" name="tc002" time="0.016"/>
  <testcase classname="testScripts.AmazonSearch_TestCase" name="tc003" time="0.031">
    <failure type="java.lang.AssertionError" message="expected [true] but found [false]">
      <![CDATA[java.lang.AssertionError: expected [true] but found [false]
at testScripts.AmazonSearch_TestCase.tc003(AmazonSearch_TestCase.java:30)
at java.base/java.util.ArrayList.forEach(ArrayList.java:1596)
... Removed 29 stack frames]]>
    </failure>
  </testcase> <!-- tc003 -->
</testsuite> <!-- Test -->
