<?xml version="1.0" encoding="UTF-8"?>
<testng-results ignored="0" total="1" passed="1" failed="0" skipped="0">
  <reporter-output>
  </reporter-output>
  <suite started-at="2025-09-27T16:49:32 IST" name="Suite" finished-at="2025-09-27T16:49:59 IST" duration-ms="26831">
    <groups>
    </groups>
    <test started-at="2025-09-27T16:49:32 IST" name="Test" finished-at="2025-09-27T16:49:59 IST" duration-ms="26831">
      <class name="testScripts.AmazonSearch_TestCase">
        <test-method signature="amazonProductSearchAndClickAddToCart_Tc001()[pri:0, instance:testScripts.AmazonSearch_TestCase@51399530]" started-at="2025-09-27T16:49:32 IST" name="amazonProductSearchAndClickAddToCart_Tc001" finished-at="2025-09-27T16:49:59 IST" duration-ms="26721" status="PASS">
          <reporter-output>
          </reporter-output>
        </test-method> <!-- amazonProductSearchAndClickAddToCart_Tc001 -->
      </class> <!-- testScripts.AmazonSearch_TestCase -->
    </test> <!-- Test -->
  </suite> <!-- Suite -->
</testng-results>
